app/build/intermediates/manifest_merge_blame_file/release/manifest-merger-blame-release-report.txt
1<?xml version="1.0" encoding="utf-8"?>
2<manifest xmlns:android="http://schemas.android.com/apk/res/android"
3    package="com.example.myapplication2"
4    android:versionCode="1"
5    android:versionName="1.0" >
6
7    <uses-sdk
8        android:minSdkVersion="24"
8-->src\main\AndroidManifest.xml
9        android:targetSdkVersion="33" />
9-->src\main\AndroidManifest.xml
10
11    <uses-permission android:name="android.permission.INTERNET" />
11-->src\main\AndroidManifest.xml:5:5-67
11-->src\main\AndroidManifest.xml:5:22-64
12
13    <permission
13-->[androidx.core:core:1.10.1] AndroidManifest.xml:22:5-24:47
14        android:name="com.example.myapplication2.DYNAMIC_RECEIVER_NOT_EXPORTED_PERMISSION"
14-->[androidx.core:core:1.10.1] AndroidManifest.xml:23:9-81
15        android:protectionLevel="signature" />
15-->[androidx.core:core:1.10.1] AndroidManifest.xml:24:9-44
16
17    <uses-permission android:name="com.example.myapplication2.DYNAMIC_RECEIVER_NOT_EXPORTED_PERMISSION" />
17-->[androidx.core:core:1.10.1] AndroidManifest.xml:26:5-97
17-->[androidx.core:core:1.10.1] AndroidManifest.xml:26:22-94
18
19    <application
19-->src\main\AndroidManifest.xml:7:5-62:19
20        android:allowBackup="true"
20-->src\main\AndroidManifest.xml:8:9-35
21        android:appComponentFactory="androidx.core.app.CoreComponentFactory"
21-->[androidx.core:core:1.10.1] AndroidManifest.xml:28:18-86
22        android:dataExtractionRules="@xml/data_extraction_rules"
22-->src\main\AndroidManifest.xml:9:9-65
23        android:extractNativeLibs="false"
24        android:fullBackupContent="@xml/backup_rules"
24-->src\main\AndroidManifest.xml:10:9-54
25        android:icon="@mipmap/ic_launcher"
25-->src\main\AndroidManifest.xml:11:9-43
26        android:label="E-MORPH"
26-->src\main\AndroidManifest.xml:12:9-32
27        android:roundIcon="@mipmap/ic_launcher_round"
27-->src\main\AndroidManifest.xml:13:9-54
28        android:supportsRtl="true"
28-->src\main\AndroidManifest.xml:14:9-35
29        android:theme="@style/Theme.MyApplication2" >
29-->src\main\AndroidManifest.xml:15:9-52
30        <activity
30-->src\main\AndroidManifest.xml:17:9-19:40
31            android:name="com.example.myapplication2.HistoryActivity"
31-->src\main\AndroidManifest.xml:18:13-44
32            android:exported="false" />
32-->src\main\AndroidManifest.xml:19:13-37
33        <activity
33-->src\main\AndroidManifest.xml:20:9-22:40
34            android:name="com.example.myapplication2.LatFuture"
34-->src\main\AndroidManifest.xml:21:13-38
35            android:exported="false" />
35-->src\main\AndroidManifest.xml:22:13-37
36        <activity
36-->src\main\AndroidManifest.xml:23:9-25:40
37            android:name="com.example.myapplication2.LatPast"
37-->src\main\AndroidManifest.xml:24:13-36
38            android:exported="false" />
38-->src\main\AndroidManifest.xml:25:13-37
39        <activity
39-->src\main\AndroidManifest.xml:26:9-28:40
40            android:name="com.example.myapplication2.LatPresent"
40-->src\main\AndroidManifest.xml:27:13-39
41            android:exported="false" />
41-->src\main\AndroidManifest.xml:28:13-37
42        <activity
42-->src\main\AndroidManifest.xml:29:9-31:40
43            android:name="com.example.myapplication2.ResultActivity"
43-->src\main\AndroidManifest.xml:30:13-43
44            android:exported="false" />
44-->src\main\AndroidManifest.xml:31:13-37
45        <activity
45-->src\main\AndroidManifest.xml:32:9-34:40
46            android:name="com.example.myapplication2.QuestionActivity"
46-->src\main\AndroidManifest.xml:33:13-45
47            android:exported="false" />
47-->src\main\AndroidManifest.xml:34:13-37
48        <activity
48-->src\main\AndroidManifest.xml:35:9-37:40
49            android:name="com.example.myapplication2.HomeActivity"
49-->src\main\AndroidManifest.xml:36:13-41
50            android:exported="false" />
50-->src\main\AndroidManifest.xml:37:13-37
51        <activity
51-->src\main\AndroidManifest.xml:38:9-40:40
52            android:name="com.example.myapplication2.AboutActivity"
52-->src\main\AndroidManifest.xml:39:13-42
53            android:exported="false" />
53-->src\main\AndroidManifest.xml:40:13-37
54        <activity
54-->src\main\AndroidManifest.xml:41:9-43:40
55            android:name="com.example.myapplication2.MainActivity"
55-->src\main\AndroidManifest.xml:42:13-41
56            android:exported="false" />
56-->src\main\AndroidManifest.xml:43:13-37
57        <activity
57-->src\main\AndroidManifest.xml:44:9-46:40
58            android:name="com.example.myapplication2.Materi"
58-->src\main\AndroidManifest.xml:45:13-35
59            android:exported="false" />
59-->src\main\AndroidManifest.xml:46:13-37
60        <activity
60-->src\main\AndroidManifest.xml:47:9-49:40
61            android:name="com.example.myapplication2.Materi2"
61-->src\main\AndroidManifest.xml:48:13-36
62            android:exported="false" />
62-->src\main\AndroidManifest.xml:49:13-37
63        <activity
63-->src\main\AndroidManifest.xml:50:9-52:40
64            android:name="com.example.myapplication2.Materi3"
64-->src\main\AndroidManifest.xml:51:13-36
65            android:exported="false" />
65-->src\main\AndroidManifest.xml:52:13-37
66        <activity
66-->src\main\AndroidManifest.xml:53:9-61:20
67            android:name="com.example.myapplication2.SplashActivity"
67-->src\main\AndroidManifest.xml:54:13-43
68            android:exported="true" >
68-->src\main\AndroidManifest.xml:55:13-36
69            <intent-filter>
69-->src\main\AndroidManifest.xml:56:13-60:29
70                <action android:name="android.intent.action.MAIN" />
70-->src\main\AndroidManifest.xml:57:17-69
70-->src\main\AndroidManifest.xml:57:25-66
71
72                <category android:name="android.intent.category.LAUNCHER" />
72-->src\main\AndroidManifest.xml:59:17-77
72-->src\main\AndroidManifest.xml:59:27-74
73            </intent-filter>
74        </activity>
75
76        <provider
76-->[androidx.emoji2:emoji2:1.2.0] AndroidManifest.xml:24:9-32:20
77            android:name="androidx.startup.InitializationProvider"
77-->[androidx.emoji2:emoji2:1.2.0] AndroidManifest.xml:25:13-67
78            android:authorities="com.example.myapplication2.androidx-startup"
78-->[androidx.emoji2:emoji2:1.2.0] AndroidManifest.xml:26:13-68
79            android:exported="false" >
79-->[androidx.emoji2:emoji2:1.2.0] AndroidManifest.xml:27:13-37
80            <meta-data
80-->[androidx.emoji2:emoji2:1.2.0] AndroidManifest.xml:29:13-31:52
81                android:name="androidx.emoji2.text.EmojiCompatInitializer"
81-->[androidx.emoji2:emoji2:1.2.0] AndroidManifest.xml:30:17-75
82                android:value="androidx.startup" />
82-->[androidx.emoji2:emoji2:1.2.0] AndroidManifest.xml:31:17-49
83            <meta-data
83-->[androidx.lifecycle:lifecycle-process:2.4.1] AndroidManifest.xml:31:13-33:52
84                android:name="androidx.lifecycle.ProcessLifecycleInitializer"
84-->[androidx.lifecycle:lifecycle-process:2.4.1] AndroidManifest.xml:32:17-78
85                android:value="androidx.startup" />
85-->[androidx.lifecycle:lifecycle-process:2.4.1] AndroidManifest.xml:33:17-49
86        </provider>
87    </application>
88
89</manifest>